0 info it worked if it ends with ok
1 verbose cli [ 'C:\\Program Files\\nodejs\\node.exe',
1 verbose cli   'C:\\Program Files\\nodejs\\node_modules\\npm\\bin\\npm-cli.js',
1 verbose cli   'install',
1 verbose cli   '-g',
1 verbose cli   'now' ]
2 info using npm@3.10.10
3 info using node@v6.10.3
4 silly loadCurrentTree Starting
5 silly install loadCurrentTree
6 silly install readGlobalPackageData
7 silly fetchPackageMetaData now
8 silly fetchNamedPackageData now
9 silly mapToRegistry name now
10 silly mapToRegistry using default registry
11 silly mapToRegistry registry https://registry.npmjs.org/
12 silly mapToRegistry data Result {
12 silly mapToRegistry   raw: 'now',
12 silly mapToRegistry   scope: null,
12 silly mapToRegistry   escapedName: 'now',
12 silly mapToRegistry   name: 'now',
12 silly mapToRegistry   rawSpec: '',
12 silly mapToRegistry   spec: 'latest',
12 silly mapToRegistry   type: 'tag' }
13 silly mapToRegistry uri https://registry.npmjs.org/now
14 verbose request uri https://registry.npmjs.org/now
15 verbose request no auth needed
16 info attempt registry request try #1 at 11:55:42 AM
17 verbose request id 38c5f51c3824ca4f
18 verbose etag "5ad79157-1a0a67"
19 verbose lastModified Wed, 18 Apr 2018 18:41:27 GMT
20 http request GET https://registry.npmjs.org/now
21 http 304 https://registry.npmjs.org/now
22 verbose headers { date: 'Thu, 19 Apr 2018 04:55:43 GMT',
22 verbose headers   via: '1.1 varnish',
22 verbose headers   'cache-control': 'max-age=300',
22 verbose headers   etag: '"5ad79157-1a0a67"',
22 verbose headers   age: '11651',
22 verbose headers   connection: 'keep-alive',
22 verbose headers   'x-served-by': 'cache-hkg17922-HKG',
22 verbose headers   'x-cache': 'HIT',
22 verbose headers   'x-cache-hits': '1',
22 verbose headers   'x-timer': 'S1524113743.124735,VS0,VE1',
22 verbose headers   vary: 'Accept-Encoding, Accept' }
23 silly get cb [ 304,
23 silly get   { date: 'Thu, 19 Apr 2018 04:55:43 GMT',
23 silly get     via: '1.1 varnish',
23 silly get     'cache-control': 'max-age=300',
23 silly get     etag: '"5ad79157-1a0a67"',
23 silly get     age: '11651',
23 silly get     connection: 'keep-alive',
23 silly get     'x-served-by': 'cache-hkg17922-HKG',
23 silly get     'x-cache': 'HIT',
23 silly get     'x-cache-hits': '1',
23 silly get     'x-timer': 'S1524113743.124735,VS0,VE1',
23 silly get     vary: 'Accept-Encoding, Accept' } ]
24 verbose etag https://registry.npmjs.org/now from cache
25 verbose get saving now to C:\Users\TruongNM\AppData\Roaming\npm-cache\registry.npmjs.org\now\.cache.json
26 verbose correctMkdir C:\Users\TruongNM\AppData\Roaming\npm-cache correctMkdir not in flight; initializing
27 silly install normalizeTree
28 silly loadCurrentTree Finishing
29 silly loadIdealTree Starting
30 silly install loadIdealTree
31 silly cloneCurrentTree Starting
32 silly install cloneCurrentTreeToIdealTree
33 silly cloneCurrentTree Finishing
34 silly loadShrinkwrap Starting
35 silly install loadShrinkwrap
36 silly loadShrinkwrap Finishing
37 silly loadAllDepsIntoIdealTree Starting
38 silly install loadAllDepsIntoIdealTree
39 silly resolveWithNewModule now@11.1.7 checking installable status
40 silly cache add args [ 'now', null ]
41 verbose cache add spec now
42 silly cache add parsed spec Result {
42 silly cache add   raw: 'now',
42 silly cache add   scope: null,
42 silly cache add   escapedName: 'now',
42 silly cache add   name: 'now',
42 silly cache add   rawSpec: '',
42 silly cache add   spec: 'latest',
42 silly cache add   type: 'tag' }
43 silly addNamed now@latest
44 verbose addNamed "latest" is being treated as a dist-tag for now
45 info addNameTag [ 'now', 'latest' ]
46 silly mapToRegistry name now
47 silly mapToRegistry using default registry
48 silly mapToRegistry registry https://registry.npmjs.org/
49 silly mapToRegistry data Result {
49 silly mapToRegistry   raw: 'now',
49 silly mapToRegistry   scope: null,
49 silly mapToRegistry   escapedName: 'now',
49 silly mapToRegistry   name: 'now',
49 silly mapToRegistry   rawSpec: '',
49 silly mapToRegistry   spec: 'latest',
49 silly mapToRegistry   type: 'tag' }
50 silly mapToRegistry uri https://registry.npmjs.org/now
51 verbose addNameTag registry:https://registry.npmjs.org/now not in flight; fetching
52 verbose get https://registry.npmjs.org/now not expired, no request
53 silly addNameTag next cb for now with tag latest
54 silly addNamed now@11.1.7
55 verbose addNamed "11.1.7" is a plain semver version for now
56 silly cache afterAdd now@11.1.7
57 verbose afterAdd C:\Users\TruongNM\AppData\Roaming\npm-cache\now\11.1.7\package\package.json not in flight; writing
58 verbose correctMkdir C:\Users\TruongNM\AppData\Roaming\npm-cache correctMkdir not in flight; initializing
59 verbose afterAdd C:\Users\TruongNM\AppData\Roaming\npm-cache\now\11.1.7\package\package.json written
60 silly loadAllDepsIntoIdealTree Finishing
61 silly loadIdealTree Finishing
62 silly currentTree npm
63 silly idealTree npm
63 silly idealTree `-- now@11.1.7
64 silly generateActionsToTake Starting
65 silly install generateActionsToTake
66 silly generateActionsToTake Finishing
67 silly diffTrees action count 1
68 silly diffTrees add now@11.1.7
69 silly decomposeActions action count 8
70 silly decomposeActions fetch now@11.1.7
71 silly decomposeActions extract now@11.1.7
72 silly decomposeActions test now@11.1.7
73 silly decomposeActions preinstall now@11.1.7
74 silly decomposeActions build now@11.1.7
75 silly decomposeActions install now@11.1.7
76 silly decomposeActions postinstall now@11.1.7
77 silly decomposeActions finalize now@11.1.7
78 silly runTopLevelLifecycles Starting
79 silly executeActions Starting
80 silly install executeActions
81 silly doSerial global-install 0
82 silly doParallel fetch 1
83 verbose correctMkdir C:\Users\TruongNM\AppData\Roaming\npm-cache\_locks correctMkdir not in flight; initializing
84 verbose lock using C:\Users\TruongNM\AppData\Roaming\npm-cache\_locks\staging-3ccc5b5195fa550c.lock for C:\Users\TruongNM\AppData\Roaming\npm\node_modules\.staging
85 silly doParallel extract 1
86 silly extract now@11.1.7
87 verbose unbuild node_modules\.staging\now-6240503a
88 silly gentlyRm C:\Users\TruongNM\AppData\Roaming\npm\node_modules\.staging\now-6240503a is being purged from base C:\Users\TruongNM\AppData\Roaming\npm
89 verbose gentlyRm don't care about contents; nuking C:\Users\TruongNM\AppData\Roaming\npm\node_modules\.staging\now-6240503a
90 verbose tar unpack C:\Users\TruongNM\AppData\Roaming\npm-cache\now\11.1.7\package.tgz
91 verbose tar unpacking to C:\Users\TruongNM\AppData\Roaming\npm\node_modules\.staging\now-6240503a
92 silly gentlyRm C:\Users\TruongNM\AppData\Roaming\npm\node_modules\.staging\now-6240503a is being purged
93 verbose gentlyRm don't care about contents; nuking C:\Users\TruongNM\AppData\Roaming\npm\node_modules\.staging\now-6240503a
94 silly gunzTarPerm modes [ '777', '666' ]
95 silly gunzTarPerm extractEntry package.json
96 silly gunzTarPerm modified mode [ 'package.json', 420, 438 ]
97 silly gunzTarPerm extractEntry license.md
98 silly gunzTarPerm modified mode [ 'license.md', 420, 438 ]
99 silly gunzTarPerm extractEntry readme.md
100 silly gunzTarPerm modified mode [ 'readme.md', 420, 438 ]
101 silly gunzTarPerm extractEntry download/dist/download.js
102 silly gunzTarPerm modified mode [ 'download/dist/download.js', 420, 438 ]
103 silly gunzTarPerm extractEntry download/dist/now
104 silly gunzTarPerm modified mode [ 'download/dist/now', 420, 438 ]
105 silly gunzTarPerm extractEntry download/install.js
106 silly gunzTarPerm modified mode [ 'download/install.js', 420, 438 ]
107 silly gentlyRm C:\Users\TruongNM\AppData\Roaming\npm\node_modules\.staging\now-6240503a\node_modules is being purged
108 verbose gentlyRm don't care about contents; nuking C:\Users\TruongNM\AppData\Roaming\npm\node_modules\.staging\now-6240503a\node_modules
109 silly doParallel preinstall 1
110 silly preinstall now@11.1.7 C:\Users\TruongNM\AppData\Roaming\npm\node_modules\.staging\now-6240503a
111 info lifecycle now@11.1.7~preinstall: now@11.1.7
112 silly lifecycle now@11.1.7~preinstall: no script for preinstall, continuing
113 silly doReverseSerial remove 0
114 silly doSerial move 0
115 silly doSerial finalize 1
116 silly finalize C:\Users\TruongNM\AppData\Roaming\npm\node_modules\now
117 silly doSerial build 1
118 silly build now@11.1.7
119 info linkStuff now@11.1.7
120 silly linkStuff now@11.1.7 has C:\Users\TruongNM\AppData\Roaming\npm\node_modules as its parent node_modules
121 silly linkStuff now@11.1.7 is part of a global install
122 silly linkStuff now@11.1.7 is installed into a global node_modules
123 silly linkStuff now@11.1.7 is installed into the top-level global node_modules
124 verbose linkBins now@11.1.7
125 verbose link bins [ { now: 'download/dist/now' },
125 verbose link bins   'C:\\Users\\TruongNM\\AppData\\Roaming\\npm',
125 verbose link bins   true ]
126 verbose linkMans now@11.1.7
127 silly doSerial global-link 0
128 silly doParallel update-linked 0
129 silly doSerial install 1
130 silly install now@11.1.7 C:\Users\TruongNM\AppData\Roaming\npm\node_modules\.staging\now-6240503a
131 info lifecycle now@11.1.7~install: now@11.1.7
132 silly lifecycle now@11.1.7~install: no script for install, continuing
133 silly doSerial postinstall 1
134 silly postinstall now@11.1.7 C:\Users\TruongNM\AppData\Roaming\npm\node_modules\.staging\now-6240503a
135 info lifecycle now@11.1.7~postinstall: now@11.1.7
136 verbose lifecycle now@11.1.7~postinstall: unsafe-perm in lifecycle true
137 verbose lifecycle now@11.1.7~postinstall: PATH: C:\Program Files\nodejs\node_modules\npm\bin\node-gyp-bin;C:\Users\TruongNM\AppData\Roaming\npm\node_modules\now\node_modules\.bin;C:\Users\TruongNM\AppData\Roaming\npm\node_modules\.bin;C:\Program Files (x86)\Common Files\Intel\Shared Libraries\redist\intel64\compiler;C:\WINDOWS\system32;C:\WINDOWS;C:\WINDOWS\System32\Wbem;C:\WINDOWS\System32\WindowsPowerShell\v1.0\;C:\Program Files (x86)\ATI Technologies\ATI.ACE\Core-Static;C:\Program Files\nodejs\;C:\Program Files\Git\cmd;C:\Users\TruongNM\AppData\Local\Microsoft\WindowsApps;C:\Users\TruongNM\AppData\Roaming\npm;C:\Users\TruongNM\AppData\Local\GitHubDesktop\bin;%USERPROFILE%\AppData\Local\Microsoft\WindowsApps;
138 verbose lifecycle now@11.1.7~postinstall: CWD: C:\Users\TruongNM\AppData\Roaming\npm\node_modules\now
139 silly lifecycle now@11.1.7~postinstall: Args: [ '/d /s /c', 'node download/install.js' ]
140 silly lifecycle now@11.1.7~postinstall: Returned: code: 2  signal: null
141 info lifecycle now@11.1.7~postinstall: Failed to exec postinstall script
142 verbose unlock done using C:\Users\TruongNM\AppData\Roaming\npm-cache\_locks\staging-3ccc5b5195fa550c.lock for C:\Users\TruongNM\AppData\Roaming\npm\node_modules\.staging
143 silly rollbackFailedOptional Starting
144 silly rollbackFailedOptional Finishing
145 silly runTopLevelLifecycles Finishing
146 silly install printInstalled
147 verbose stack Error: now@11.1.7 postinstall: `node download/install.js`
147 verbose stack Exit status 2
147 verbose stack     at EventEmitter.<anonymous> (C:\Program Files\nodejs\node_modules\npm\lib\utils\lifecycle.js:255:16)
147 verbose stack     at emitTwo (events.js:106:13)
147 verbose stack     at EventEmitter.emit (events.js:191:7)
147 verbose stack     at ChildProcess.<anonymous> (C:\Program Files\nodejs\node_modules\npm\lib\utils\spawn.js:40:14)
147 verbose stack     at emitTwo (events.js:106:13)
147 verbose stack     at ChildProcess.emit (events.js:191:7)
147 verbose stack     at maybeClose (internal/child_process.js:886:16)
147 verbose stack     at Process.ChildProcess._handle.onexit (internal/child_process.js:226:5)
148 verbose pkgid now@11.1.7
149 verbose cwd D:\share\research\angular2\angular-reddit\dist
150 error Windows_NT 10.0.16299
151 error argv "C:\\Program Files\\nodejs\\node.exe" "C:\\Program Files\\nodejs\\node_modules\\npm\\bin\\npm-cli.js" "install" "-g" "now"
152 error node v6.10.3
153 error npm  v3.10.10
154 error code ELIFECYCLE
155 error now@11.1.7 postinstall: `node download/install.js`
155 error Exit status 2
156 error Failed at the now@11.1.7 postinstall script 'node download/install.js'.
156 error Make sure you have the latest version of node.js and npm installed.
156 error If you do, this is most likely a problem with the now package,
156 error not with npm itself.
156 error Tell the author that this fails on your system:
156 error     node download/install.js
156 error You can get information on how to open an issue for this project with:
156 error     npm bugs now
156 error Or if that isn't available, you can get their info via:
156 error     npm owner ls now
156 error There is likely additional logging output above.
157 verbose exit [ 1, true ]
